This is pdfTeX, Version 3.141592653-2.6-1.40.25 (TeX Live 2023/Debian) (preloaded format=pdflatex 2025.5.20)  10 JUL 2025 20:44
entering extended mode
 restricted \write18 enabled.
 file:line:error style messages enabled.
 %&-line parsing enabled.
**/home/sebag/posgrado/machine-learning-ia/obligatorio-machine-learning/entrega/entrega.tex
(/home/sebag/posgrado/machine-learning-ia/obligatorio-machine-learning/entrega/entrega.tex
LaTeX2e <2023-11-01> patch level 1
L3 programming layer <2024-01-22>
(/usr/share/texlive/texmf-dist/tex/latex/base/article.cls
Document Class: article 2023/05/17 v1.4n Standard LaTeX document class
(/usr/share/texlive/texmf-dist/tex/latex/base/size10.clo
File: size10.clo 2023/05/17 v1.4n Standard LaTeX file (size option)
)
\c@part=\count187
\c@section=\count188
\c@subsection=\count189
\c@subsubsection=\count190
\c@paragraph=\count191
\c@subparagraph=\count192
\c@figure=\count193
\c@table=\count194
\abovecaptionskip=\skip48
\belowcaptionskip=\skip49
\bibindent=\dimen140
) (/usr/share/texlive/texmf-dist/tex/latex/base/inputenc.sty
Package: inputenc 2021/02/14 v1.3d Input encoding file
\inpenc@prehook=\toks17
\inpenc@posthook=\toks18
) (/usr/share/texlive/texmf-dist/tex/latex/base/fontenc.sty
Package: fontenc 2021/04/29 v2.0v Standard LaTeX package
) (/usr/share/texlive/texmf-dist/tex/generic/babel/babel.sty
Package: babel 2024/01/07 v24.1 The Babel package
\babel@savecnt=\count195
\U@D=\dimen141
\l@unhyphenated=\language8
 (/usr/share/texlive/texmf-dist/tex/generic/babel/txtbabel.def)
\bbl@readstream=\read2
\bbl@dirlevel=\count196
 (/usr/share/texlive/texmf-dist/tex/generic/babel-spanish/spanish.ldf
Language: spanish.ldf 2021/05/27 v5.0q Spanish support from the babel system
\es@quottoks=\toks19
\es@quotdepth=\count197
Package babel Info: Making " an active character on input line 570.
Package babel Info: Making . an active character on input line 675.
Package babel Info: Making < an active character on input line 722.
Package babel Info: Making > an active character on input line 722.
)) (/usr/share/texlive/texmf-dist/tex/generic/babel/locale/es/babel-spanish.tex
Package babel Info: Importing font and identification data for spanish
(babel)             from babel-es.ini. Reported on input line 11.
) (/usr/share/texmf/tex/latex/lm/lmodern.sty
Package: lmodern 2015/05/01 v1.6.1 Latin Modern Fonts
LaTeX Font Info:    Overwriting symbol font `operators' in version `normal'
(Font)                  OT1/cmr/m/n --> OT1/lmr/m/n on input line 22.
LaTeX Font Info:    Overwriting symbol font `letters' in version `normal'
(Font)                  OML/cmm/m/it --> OML/lmm/m/it on input line 23.
LaTeX Font Info:    Overwriting symbol font `symbols' in version `normal'
(Font)                  OMS/cmsy/m/n --> OMS/lmsy/m/n on input line 24.
LaTeX Font Info:    Overwriting symbol font `largesymbols' in version `normal'
(Font)                  OMX/cmex/m/n --> OMX/lmex/m/n on input line 25.
LaTeX Font Info:    Overwriting symbol font `operators' in version `bold'
(Font)                  OT1/cmr/bx/n --> OT1/lmr/bx/n on input line 26.
LaTeX Font Info:    Overwriting symbol font `letters' in version `bold'
(Font)                  OML/cmm/b/it --> OML/lmm/b/it on input line 27.
LaTeX Font Info:    Overwriting symbol font `symbols' in version `bold'
(Font)                  OMS/cmsy/b/n --> OMS/lmsy/b/n on input line 28.
LaTeX Font Info:    Overwriting symbol font `largesymbols' in version `bold'
(Font)                  OMX/cmex/m/n --> OMX/lmex/m/n on input line 29.
LaTeX Font Info:    Overwriting math alphabet `\mathbf' in version `normal'
(Font)                  OT1/cmr/bx/n --> OT1/lmr/bx/n on input line 31.
LaTeX Font Info:    Overwriting math alphabet `\mathsf' in version `normal'
(Font)                  OT1/cmss/m/n --> OT1/lmss/m/n on input line 32.
LaTeX Font Info:    Overwriting math alphabet `\mathit' in version `normal'
(Font)                  OT1/cmr/m/it --> OT1/lmr/m/it on input line 33.
LaTeX Font Info:    Overwriting math alphabet `\mathtt' in version `normal'
(Font)                  OT1/cmtt/m/n --> OT1/lmtt/m/n on input line 34.
LaTeX Font Info:    Overwriting math alphabet `\mathbf' in version `bold'
(Font)                  OT1/cmr/bx/n --> OT1/lmr/bx/n on input line 35.
LaTeX Font Info:    Overwriting math alphabet `\mathsf' in version `bold'
(Font)                  OT1/cmss/bx/n --> OT1/lmss/bx/n on input line 36.
LaTeX Font Info:    Overwriting math alphabet `\mathit' in version `bold'
(Font)                  OT1/cmr/bx/it --> OT1/lmr/bx/it on input line 37.
LaTeX Font Info:    Overwriting math alphabet `\mathtt' in version `bold'
(Font)                  OT1/cmtt/m/n --> OT1/lmtt/m/n on input line 38.
) (/usr/share/texlive/texmf-dist/tex/latex/amsmath/amsmath.sty
Package: amsmath 2023/05/13 v2.17o AMS math features
\@mathmargin=\skip50

For additional information on amsmath, use the `?' option.
(/usr/share/texlive/texmf-dist/tex/latex/amsmath/amstext.sty
Package: amstext 2021/08/26 v2.01 AMS text
 (/usr/share/texlive/texmf-dist/tex/latex/amsmath/amsgen.sty
File: amsgen.sty 1999/11/30 v2.0 generic functions
\@emptytoks=\toks20
\ex@=\dimen142
)) (/usr/share/texlive/texmf-dist/tex/latex/amsmath/amsbsy.sty
Package: amsbsy 1999/11/29 v1.2d Bold Symbols
\pmbraise@=\dimen143
) (/usr/share/texlive/texmf-dist/tex/latex/amsmath/amsopn.sty
Package: amsopn 2022/04/08 v2.04 operator names
)
\inf@bad=\count198
LaTeX Info: Redefining \frac on input line 234.
\uproot@=\count199
\leftroot@=\count266
LaTeX Info: Redefining \overline on input line 399.
LaTeX Info: Redefining \colon on input line 410.
\classnum@=\count267
\DOTSCASE@=\count268
LaTeX Info: Redefining \ldots on input line 496.
LaTeX Info: Redefining \dots on input line 499.
LaTeX Info: Redefining \cdots on input line 620.
\Mathstrutbox@=\box51
\strutbox@=\box52
LaTeX Info: Redefining \big on input line 722.
LaTeX Info: Redefining \Big on input line 723.
LaTeX Info: Redefining \bigg on input line 724.
LaTeX Info: Redefining \Bigg on input line 725.
\big@size=\dimen144
LaTeX Font Info:    Redeclaring font encoding OML on input line 743.
LaTeX Font Info:    Redeclaring font encoding OMS on input line 744.
\macc@depth=\count269
LaTeX Info: Redefining \bmod on input line 905.
LaTeX Info: Redefining \pmod on input line 910.
LaTeX Info: Redefining \smash on input line 940.
LaTeX Info: Redefining \relbar on input line 970.
LaTeX Info: Redefining \Relbar on input line 971.
\c@MaxMatrixCols=\count270
\dotsspace@=\muskip16
\c@parentequation=\count271
\dspbrk@lvl=\count272
\tag@help=\toks21
\row@=\count273
\column@=\count274
\maxfields@=\count275
\andhelp@=\toks22
\eqnshift@=\dimen145
\alignsep@=\dimen146
\tagshift@=\dimen147
\tagwidth@=\dimen148
\totwidth@=\dimen149
\lineht@=\dimen150
\@envbody=\toks23
\multlinegap=\skip51
\multlinetaggap=\skip52
\mathdisplay@stack=\toks24
LaTeX Info: Redefining \[ on input line 2953.
LaTeX Info: Redefining \] on input line 2954.
) (/usr/share/texlive/texmf-dist/tex/latex/enumitem/enumitem.sty
Package: enumitem 2019/06/20 v3.9 Customized lists
\enitkv@toks@=\toks25
\labelindent=\skip53
\enit@outerparindent=\dimen151
\enit@toks=\toks26
\enit@inbox=\box53
\enit@count@id=\count276
\enitdp@description=\count277
) (/usr/share/texlive/texmf-dist/tex/latex/graphics/graphicx.sty
Package: graphicx 2021/09/16 v1.2d Enhanced LaTeX Graphics (DPC,SPQR)
 (/usr/share/texlive/texmf-dist/tex/latex/graphics/keyval.sty
Package: keyval 2022/05/29 v1.15 key=value parser (DPC)
\KV@toks@=\toks27
) (/usr/share/texlive/texmf-dist/tex/latex/graphics/graphics.sty
Package: graphics 2022/03/10 v1.4e Standard LaTeX Graphics (DPC,SPQR)
 (/usr/share/texlive/texmf-dist/tex/latex/graphics/trig.sty
Package: trig 2021/08/11 v1.11 sin cos tan (DPC)
) (/usr/share/texlive/texmf-dist/tex/latex/graphics-cfg/graphics.cfg
File: graphics.cfg 2016/06/04 v1.11 sample graphics configuration
)
Package graphics Info: Driver file: pdftex.def on input line 107.
 (/usr/share/texlive/texmf-dist/tex/latex/graphics-def/pdftex.def
File: pdftex.def 2022/09/22 v1.2b Graphics/color driver for pdftex
))
\Gin@req@height=\dimen152
\Gin@req@width=\dimen153
) (/usr/share/texlive/texmf-dist/tex/latex/float/float.sty
Package: float 2001/11/08 v1.3d Float enhancements (AL)
\c@float@type=\count278
\float@exts=\toks28
\float@box=\box54
\@float@everytoks=\toks29
\@floatcapt=\box55
) (/usr/share/texlive/texmf-dist/tex/latex/geometry/geometry.sty
Package: geometry 2020/01/02 v5.9 Page Geometry
 (/usr/share/texlive/texmf-dist/tex/generic/iftex/ifvtex.sty
Package: ifvtex 2019/10/25 v1.7 ifvtex legacy package. Use iftex instead.
 (/usr/share/texlive/texmf-dist/tex/generic/iftex/iftex.sty
Package: iftex 2022/02/03 v1.0f TeX engine tests
))
\Gm@cnth=\count279
\Gm@cntv=\count280
\c@Gm@tempcnt=\count281
\Gm@bindingoffset=\dimen154
\Gm@wd@mp=\dimen155
\Gm@odd@mp=\dimen156
\Gm@even@mp=\dimen157
\Gm@layoutwidth=\dimen158
\Gm@layoutheight=\dimen159
\Gm@layouthoffset=\dimen160
\Gm@layoutvoffset=\dimen161
\Gm@dimlist=\toks30
) (/usr/share/texlive/texmf-dist/tex/latex/xcolor/xcolor.sty
Package: xcolor 2023/11/15 v3.01 LaTeX color extensions (UK)
 (/usr/share/texlive/texmf-dist/tex/latex/graphics-cfg/color.cfg
File: color.cfg 2016/01/02 v1.6 sample color configuration
)
Package xcolor Info: Driver file: pdftex.def on input line 274.
 (/usr/share/texlive/texmf-dist/tex/latex/graphics/mathcolor.ltx)
Package xcolor Info: Model `cmy' substituted by `cmy0' on input line 1350.
Package xcolor Info: Model `hsb' substituted by `rgb' on input line 1354.
Package xcolor Info: Model `RGB' extended on input line 1366.
Package xcolor Info: Model `HTML' substituted by `rgb' on input line 1368.
Package xcolor Info: Model `Hsb' substituted by `hsb' on input line 1369.
Package xcolor Info: Model `tHsb' substituted by `hsb' on input line 1370.
Package xcolor Info: Model `HSB' substituted by `hsb' on input line 1371.
Package xcolor Info: Model `Gray' substituted by `gray' on input line 1372.
Package xcolor Info: Model `wave' substituted by `hsb' on input line 1373.
) (/usr/share/texlive/texmf-dist/tex/latex/colortbl/colortbl.sty
Package: colortbl 2022/06/20 v1.0f Color table columns (DPC)
 (/usr/share/texlive/texmf-dist/tex/latex/tools/array.sty
Package: array 2023/10/16 v2.5g Tabular extension package (FMi)
\col@sep=\dimen162
\ar@mcellbox=\box56
\extrarowheight=\dimen163
\NC@list=\toks31
\extratabsurround=\skip54
\backup@length=\skip55
\ar@cellbox=\box57
)
\everycr=\toks32
\minrowclearance=\skip56
\rownum=\count282
) (/usr/share/texlive/texmf-dist/tex/latex/pagecolor/pagecolor.sty
Package: pagecolor 2023-04-18 v1.2c Provides thepagecolor (HMM)
 (/usr/share/texlive/texmf-dist/tex/latex/kvoptions/kvoptions.sty
Package: kvoptions 2022-06-15 v3.15 Key value format for package options (HO)
 (/usr/share/texlive/texmf-dist/tex/generic/ltxcmds/ltxcmds.sty
Package: ltxcmds 2023-12-04 v1.26 LaTeX kernel commands for general use (HO)
) (/usr/share/texlive/texmf-dist/tex/latex/kvsetkeys/kvsetkeys.sty
Package: kvsetkeys 2022-10-05 v1.19 Key value parser (HO)
))) (/usr/share/texlive/texmf-dist/tex/latex/multirow/multirow.sty
Package: multirow 2021/03/15 v2.8 Span multiple rows of a table
\multirow@colwidth=\skip57
\multirow@cntb=\count283
\multirow@dima=\skip58
\bigstrutjot=\dimen164
)
LaTeX Font Info:    Trying to load font information for T1+lmr on input line 28.
 (/usr/share/texmf/tex/latex/lm/t1lmr.fd
File: t1lmr.fd 2015/05/01 v1.6.1 Font defs for Latin Modern
) (/usr/share/texlive/texmf-dist/tex/latex/l3backend/l3backend-pdftex.def
File: l3backend-pdftex.def 2024-01-04 L3 backend support: PDF output (pdfTeX)
\l__color_backend_stack_int=\count284
\l__pdf_internal_box=\box58
) (build/entrega.aux
LaTeX Info: Redefining \. on input line 8.
LaTeX Info: Redefining \% on input line 8.


LaTeX Warning: Label `fig:pca_classes' multiply defined.


LaTeX Warning: Label `fig:pca_classes' multiply defined.


LaTeX Warning: Label `fig:pca_componentes' multiply defined.


LaTeX Warning: Label `fig:pca_classes' multiply defined.


LaTeX Warning: Label `fig:pca_classes' multiply defined.


LaTeX Warning: Label `fig:pca_classes' multiply defined.


LaTeX Warning: Label `fig:pca_classes' multiply defined.


LaTeX Warning: Label `fig:pca_classes' multiply defined.


LaTeX Warning: Label `fig:pca_classes' multiply defined.


LaTeX Warning: Label `fig:hog_pca_variance_x1' multiply defined.


LaTeX Warning: Label `fig:pca_classes' multiply defined.


LaTeX Warning: Label `fig:pca_classes' multiply defined.


LaTeX Warning: Label `fig:pca_classes' multiply defined.


LaTeX Warning: Label `tab:hog_pca_x1_metrics' multiply defined.


LaTeX Warning: Label `fig:hog_pca_variance_x1' multiply defined.


LaTeX Warning: Label `fig:pca_classes' multiply defined.


LaTeX Warning: Label `fig:pca_classes' multiply defined.


LaTeX Warning: Label `fig:pca_classes' multiply defined.


LaTeX Warning: Label `tab:hog_pca_x1_metrics' multiply defined.


LaTeX Warning: Label `fig:hog_pca_variance_x1' multiply defined.


LaTeX Warning: Label `fig:pca_classes' multiply defined.


LaTeX Warning: Label `fig:pca_classes' multiply defined.


LaTeX Warning: Label `fig:pca_classes' multiply defined.


LaTeX Warning: Label `tab:hog_pca_x1_metrics' multiply defined.


LaTeX Warning: Label `tab:top10_globales' multiply defined.


LaTeX Warning: Label `tab:estrategias_top10' multiply defined.

)
\openout1 = `entrega.aux'.

LaTeX Font Info:    Checking defaults for OML/cmm/m/it on input line 28.
LaTeX Font Info:    ... okay on input line 28.
LaTeX Font Info:    Checking defaults for OMS/cmsy/m/n on input line 28.
LaTeX Font Info:    ... okay on input line 28.
LaTeX Font Info:    Checking defaults for OT1/cmr/m/n on input line 28.
LaTeX Font Info:    ... okay on input line 28.
LaTeX Font Info:    Checking defaults for T1/cmr/m/n on input line 28.
LaTeX Font Info:    ... okay on input line 28.
LaTeX Font Info:    Checking defaults for TS1/cmr/m/n on input line 28.
LaTeX Font Info:    ... okay on input line 28.
LaTeX Font Info:    Checking defaults for OMX/cmex/m/n on input line 28.
LaTeX Font Info:    ... okay on input line 28.
LaTeX Font Info:    Checking defaults for U/cmr/m/n on input line 28.
LaTeX Font Info:    ... okay on input line 28.
LaTeX Info: Redefining \. on input line 28.
LaTeX Info: Redefining \% on input line 28.
 (/usr/share/texlive/texmf-dist/tex/context/base/mkii/supp-pdf.mkii
[Loading MPS to PDF converter (version 2006.09.02).]
\scratchcounter=\count285
\scratchdimen=\dimen165
\scratchbox=\box59
\nofMPsegments=\count286
\nofMParguments=\count287
\everyMPshowfont=\toks33
\MPscratchCnt=\count288
\MPscratchDim=\dimen166
\MPnumerator=\count289
\makeMPintoPDFobject=\count290
\everyMPtoPDFconversion=\toks34
) (/usr/share/texlive/texmf-dist/tex/latex/epstopdf-pkg/epstopdf-base.sty
Package: epstopdf-base 2020-01-24 v2.11 Base part for package epstopdf
Package epstopdf-base Info: Redefining graphics rule for `.eps' on input line 485.
 (/usr/share/texlive/texmf-dist/tex/latex/latexconfig/epstopdf-sys.cfg
File: epstopdf-sys.cfg 2010/07/13 v1.3 Configuration of (r)epstopdf for TeX Live
))
*geometry* driver: auto-detecting
*geometry* detected driver: pdftex
*geometry* verbose mode - [ preamble ] result:
* driver: pdftex
* paper: <default>
* layout: <same size as paper>
* layoutoffset:(h,v)=(0.0pt,0.0pt)
* modes: 
* h-part:(L,W,R)=(71.13188pt, 472.03123pt, 71.13188pt)
* v-part:(T,H,B)=(71.13188pt, 652.70622pt, 71.13188pt)
* \paperwidth=614.295pt
* \paperheight=794.96999pt
* \textwidth=472.03123pt
* \textheight=652.70622pt
* \oddsidemargin=-1.1381pt
* \evensidemargin=-1.1381pt
* \topmargin=-38.1381pt
* \headheight=12.0pt
* \headsep=25.0pt
* \topskip=10.0pt
* \footskip=30.0pt
* \marginparwidth=65.0pt
* \marginparsep=11.0pt
* \columnsep=10.0pt
* \skip\footins=9.0pt plus 4.0pt minus 2.0pt
* \hoffset=0.0pt
* \voffset=0.0pt
* \mag=1000
* \@twocolumnfalse
* \@twosidefalse
* \@mparswitchfalse
* \@reversemarginfalse
* (1in=72.27pt=25.4mm, 1cm=28.453pt)

LaTeX Font Info:    Trying to load font information for OT1+lmr on input line 30.
(/usr/share/texmf/tex/latex/lm/ot1lmr.fd
File: ot1lmr.fd 2015/05/01 v1.6.1 Font defs for Latin Modern
)
LaTeX Font Info:    Trying to load font information for OML+lmm on input line 30.
 (/usr/share/texmf/tex/latex/lm/omllmm.fd
File: omllmm.fd 2015/05/01 v1.6.1 Font defs for Latin Modern
)
LaTeX Font Info:    Trying to load font information for OMS+lmsy on input line 30.
 (/usr/share/texmf/tex/latex/lm/omslmsy.fd
File: omslmsy.fd 2015/05/01 v1.6.1 Font defs for Latin Modern
)
LaTeX Font Info:    Trying to load font information for OMX+lmex on input line 30.
 (/usr/share/texmf/tex/latex/lm/omxlmex.fd
File: omxlmex.fd 2015/05/01 v1.6.1 Font defs for Latin Modern
)
LaTeX Font Info:    External font `lmex10' loaded for size
(Font)              <12> on input line 30.
LaTeX Font Info:    External font `lmex10' loaded for size
(Font)              <8> on input line 30.
LaTeX Font Info:    External font `lmex10' loaded for size
(Font)              <6> on input line 30.
LaTeX Font Info:    Trying to load font information for TS1+lmr on input line 56.
 (/usr/share/texmf/tex/latex/lm/ts1lmr.fd
File: ts1lmr.fd 2015/05/01 v1.6.1 Font defs for Latin Modern
) [1

{/var/lib/texmf/fonts/map/pdftex/updmap/pdftex.map}{/usr/share/texmf/fonts/enc/dvips/lm/lm-ec.enc}{/usr/share/texmf/fonts/enc/dvips/lm/lm-ts1.enc}] [2]
LaTeX Font Info:    External font `lmex10' loaded for size
(Font)              <10> on input line 121.
LaTeX Font Info:    External font `lmex10' loaded for size
(Font)              <7> on input line 121.
LaTeX Font Info:    External font `lmex10' loaded for size
(Font)              <5> on input line 121.

Underfull \hbox (badness 10000) in paragraph at lines 126--126
[]|\T1/lmr/bx/n/10 Places365-
 []


Underfull \hbox (badness 2951) in paragraph at lines 126--126
[]|\T1/lmr/m/n/10 Escenas na-tu-ra-les y ur-ba-nas,
 []


Overfull \hbox (6.65213pt too wide) in paragraph at lines 121--128
 [][] 
 []

[3{/usr/share/texmf/fonts/enc/dvips/lm/lm-mathsy.enc}]
<tarea_1/imagenes/pca_x4_v2.png, id=22, 409.0482pt x 347.6187pt>
File: tarea_1/imagenes/pca_x4_v2.png Graphic file (type png)
<use tarea_1/imagenes/pca_x4_v2.png>
Package pdftex.def Info: tarea_1/imagenes/pca_x4_v2.png  used on input line 147.
(pdftex.def)             Requested size: 283.22162pt x 240.69522pt.
 [4 <./tarea_1/imagenes/pca_x4_v2.png>] [5{/usr/share/texmf/fonts/enc/dvips/lm/lm-rm.enc}]
Underfull \hbox (badness 10000) in paragraph at lines 170--171

 []


Underfull \hbox (badness 10000) in paragraph at lines 172--173

 []


Underfull \hbox (badness 10000) in paragraph at lines 174--175

 []


Underfull \hbox (badness 10000) in paragraph at lines 176--177

 []


Underfull \hbox (badness 10000) in paragraph at lines 178--179

 []


Underfull \hbox (badness 10000) in paragraph at lines 188--189

 []

<tarea_2/imagenes/variance_x1_v1_50.png, id=32, 714.7503pt x 281.853pt>
File: tarea_2/imagenes/variance_x1_v1_50.png Graphic file (type png)
<use tarea_2/imagenes/variance_x1_v1_50.png>
Package pdftex.def Info: tarea_2/imagenes/variance_x1_v1_50.png  used on input line 192.
(pdftex.def)             Requested size: 377.62642pt x 148.9169pt.
[6]
<tarea_2/imagenes/pca_classes_x1_v1_50_2_components.png, id=36, 409.0482pt x 330.2739pt>
File: tarea_2/imagenes/pca_classes_x1_v1_50_2_components.png Graphic file (type png)
<use tarea_2/imagenes/pca_classes_x1_v1_50_2_components.png>
Package pdftex.def Info: tarea_2/imagenes/pca_classes_x1_v1_50_2_components.png  used on input line 201.
(pdftex.def)             Requested size: 330.42041pt x 266.79468pt.
<tarea_2/imagenes/pca_classes_x1_v1_50_3_components.png, id=37, 353.4003pt x 364.9635pt>
File: tarea_2/imagenes/pca_classes_x1_v1_50_3_components.png Graphic file (type png)
<use tarea_2/imagenes/pca_classes_x1_v1_50_3_components.png>
Package pdftex.def Info: tarea_2/imagenes/pca_classes_x1_v1_50_3_components.png  used on input line 208.
(pdftex.def)             Requested size: 330.42041pt x 341.25027pt.
 [7 <./tarea_2/imagenes/variance_x1_v1_50.png> <./tarea_2/imagenes/pca_classes_x1_v1_50_2_components.png>]
<tarea_2/imagenes/pca_classes_x1_v1_50_5_components.png, id=44, 779.7933pt x 712.5822pt>
File: tarea_2/imagenes/pca_classes_x1_v1_50_5_components.png Graphic file (type png)
<use tarea_2/imagenes/pca_classes_x1_v1_50_5_components.png>
Package pdftex.def Info: tarea_2/imagenes/pca_classes_x1_v1_50_5_components.png  used on input line 215.
(pdftex.def)             Requested size: 377.62642pt x 345.08005pt.
 [8 <./tarea_2/imagenes/pca_classes_x1_v1_50_3_components.png>]
Underfull \hbox (badness 10000) in paragraph at lines 243--244

 []


Underfull \hbox (badness 10000) in paragraph at lines 245--246

 []

[9 <./tarea_2/imagenes/pca_classes_x1_v1_50_5_components.png>]
<tarea_2/imagenes/variance_x2_v1_20.png, id=53, 715.473pt x 281.853pt>
File: tarea_2/imagenes/variance_x2_v1_20.png Graphic file (type png)
<use tarea_2/imagenes/variance_x2_v1_20.png>
Package pdftex.def Info: tarea_2/imagenes/variance_x2_v1_20.png  used on input line 254.
(pdftex.def)             Requested size: 377.62642pt x 148.76207pt.
<tarea_2/imagenes/pca_classes_x2_v1_20_2_components.png, id=54, 409.0482pt x 330.2739pt>
File: tarea_2/imagenes/pca_classes_x2_v1_20_2_components.png Graphic file (type png)
<use tarea_2/imagenes/pca_classes_x2_v1_20_2_components.png>
Package pdftex.def Info: tarea_2/imagenes/pca_classes_x2_v1_20_2_components.png  used on input line 263.
(pdftex.def)             Requested size: 330.42041pt x 266.79468pt.
<tarea_2/imagenes/pca_classes_x2_v1_20_3_components.png, id=55, 353.4003pt x 364.9635pt>
File: tarea_2/imagenes/pca_classes_x2_v1_20_3_components.png Graphic file (type png)
<use tarea_2/imagenes/pca_classes_x2_v1_20_3_components.png>
Package pdftex.def Info: tarea_2/imagenes/pca_classes_x2_v1_20_3_components.png  used on input line 270.
(pdftex.def)             Requested size: 330.42041pt x 341.25027pt.
 [10 <./tarea_2/imagenes/variance_x2_v1_20.png> <./tarea_2/imagenes/pca_classes_x2_v1_20_2_components.png>]
<tarea_2/imagenes/pca_classes_x2_v1_20_5_components.png, id=61, 779.7933pt x 712.5822pt>
File: tarea_2/imagenes/pca_classes_x2_v1_20_5_components.png Graphic file (type png)
<use tarea_2/imagenes/pca_classes_x2_v1_20_5_components.png>
Package pdftex.def Info: tarea_2/imagenes/pca_classes_x2_v1_20_5_components.png  used on input line 277.
(pdftex.def)             Requested size: 377.62642pt x 345.08005pt.
 [11 <./tarea_2/imagenes/pca_classes_x2_v1_20_3_components.png>]
Underfull \hbox (badness 10000) in paragraph at lines 305--306

 []


Underfull \hbox (badness 10000) in paragraph at lines 307--308

 []

[12 <./tarea_2/imagenes/pca_classes_x2_v1_20_5_components.png>] [13]
Underfull \hbox (badness 10000) in paragraph at lines 327--328

 []

LaTeX Font Info:    Trying to load font information for T1+lmtt on input line 331.
(/usr/share/texmf/tex/latex/lm/t1lmtt.fd
File: t1lmtt.fd 2015/05/01 v1.6.1 Font defs for Latin Modern
) [14]
Underfull \hbox (badness 10000) in paragraph at lines 343--344

 []


Underfull \hbox (badness 10000) in paragraph at lines 345--346

 []


Underfull \hbox (badness 10000) in paragraph at lines 357--358

 []

<tarea_4/imagenes/variance_x1_v1_20.png, id=78, 715.473pt x 281.853pt>
File: tarea_4/imagenes/variance_x1_v1_20.png Graphic file (type png)
<use tarea_4/imagenes/variance_x1_v1_20.png>
Package pdftex.def Info: tarea_4/imagenes/variance_x1_v1_20.png  used on input line 363.
(pdftex.def)             Requested size: 377.62642pt x 148.76207pt.
<tarea_4/imagenes/pca_classes_x1_v1_20_2_components.png, id=79, 409.0482pt x 330.2739pt>
File: tarea_4/imagenes/pca_classes_x1_v1_20_2_components.png Graphic file (type png)
<use tarea_4/imagenes/pca_classes_x1_v1_20_2_components.png>
Package pdftex.def Info: tarea_4/imagenes/pca_classes_x1_v1_20_2_components.png  used on input line 372.
(pdftex.def)             Requested size: 283.22162pt x 228.68547pt.
[15 <./tarea_4/imagenes/variance_x1_v1_20.png>]
<tarea_4/imagenes/pca_classes_x1_v1_20_3_components.png, id=84, 354.123pt x 364.9635pt>
File: tarea_4/imagenes/pca_classes_x1_v1_20_3_components.png Graphic file (type png)
<use tarea_4/imagenes/pca_classes_x1_v1_20_3_components.png>
Package pdftex.def Info: tarea_4/imagenes/pca_classes_x1_v1_20_3_components.png  used on input line 379.
(pdftex.def)             Requested size: 283.22162pt x 291.90993pt.
<tarea_4/imagenes/pairplot_x1_v1_20.png, id=85, 779.7933pt x 712.5822pt>
File: tarea_4/imagenes/pairplot_x1_v1_20.png Graphic file (type png)
<use tarea_4/imagenes/pairplot_x1_v1_20.png>
Package pdftex.def Info: tarea_4/imagenes/pairplot_x1_v1_20.png  used on input line 386.
(pdftex.def)             Requested size: 377.62642pt x 345.08005pt.
 [16 <./tarea_4/imagenes/pca_classes_x1_v1_20_2_components.png> <./tarea_4/imagenes/pca_classes_x1_v1_20_3_components.png>]
Underfull \hbox (badness 10000) in paragraph at lines 414--415

 []

File: tarea_4/imagenes/variance_x1_v1_20.png Graphic file (type png)
<use tarea_4/imagenes/variance_x1_v1_20.png>
Package pdftex.def Info: tarea_4/imagenes/variance_x1_v1_20.png  used on input line 420.
(pdftex.def)             Requested size: 377.62642pt x 148.76207pt.
[17 <./tarea_4/imagenes/pairplot_x1_v1_20.png>]
File: tarea_4/imagenes/pca_classes_x1_v1_20_2_components.png Graphic file (type png)
<use tarea_4/imagenes/pca_classes_x1_v1_20_2_components.png>
Package pdftex.def Info: tarea_4/imagenes/pca_classes_x1_v1_20_2_components.png  used on input line 429.
(pdftex.def)             Requested size: 283.22162pt x 228.68547pt.
File: tarea_4/imagenes/pca_classes_x1_v1_20_3_components.png Graphic file (type png)
<use tarea_4/imagenes/pca_classes_x1_v1_20_3_components.png>
Package pdftex.def Info: tarea_4/imagenes/pca_classes_x1_v1_20_3_components.png  used on input line 436.
(pdftex.def)             Requested size: 283.22162pt x 291.90993pt.
 [18]
<tarea_4/imagenes/pairplot_cambios_hog_x1_v1_20.png, id=98, 770.3982pt x 712.5822pt>
File: tarea_4/imagenes/pairplot_cambios_hog_x1_v1_20.png Graphic file (type png)
<use tarea_4/imagenes/pairplot_cambios_hog_x1_v1_20.png>
Package pdftex.def Info: tarea_4/imagenes/pairplot_cambios_hog_x1_v1_20.png  used on input line 443.
(pdftex.def)             Requested size: 377.62642pt x 349.28793pt.
 [19]
Underfull \hbox (badness 10000) in paragraph at lines 471--472

 []

File: tarea_4/imagenes/variance_x1_v1_20.png Graphic file (type png)
<use tarea_4/imagenes/variance_x1_v1_20.png>
Package pdftex.def Info: tarea_4/imagenes/variance_x1_v1_20.png  used on input line 476.
(pdftex.def)             Requested size: 377.62642pt x 148.76207pt.
[20 <./tarea_4/imagenes/pairplot_cambios_hog_x1_v1_20.png>]
File: tarea_4/imagenes/pca_classes_x1_v1_20_2_components.png Graphic file (type png)
<use tarea_4/imagenes/pca_classes_x1_v1_20_2_components.png>
Package pdftex.def Info: tarea_4/imagenes/pca_classes_x1_v1_20_2_components.png  used on input line 485.
(pdftex.def)             Requested size: 283.22162pt x 228.68547pt.
File: tarea_4/imagenes/pca_classes_x1_v1_20_3_components.png Graphic file (type png)
<use tarea_4/imagenes/pca_classes_x1_v1_20_3_components.png>
Package pdftex.def Info: tarea_4/imagenes/pca_classes_x1_v1_20_3_components.png  used on input line 492.
(pdftex.def)             Requested size: 283.22162pt x 291.90993pt.
 [21]
<tarea_4/imagenes/pairplot_x2_v1_20.png, id=110, 770.3982pt x 712.5822pt>
File: tarea_4/imagenes/pairplot_x2_v1_20.png Graphic file (type png)
<use tarea_4/imagenes/pairplot_x2_v1_20.png>
Package pdftex.def Info: tarea_4/imagenes/pairplot_x2_v1_20.png  used on input line 499.
(pdftex.def)             Requested size: 377.62642pt x 349.28793pt.
 [22]
Underfull \hbox (badness 10000) in paragraph at lines 527--528

 []

File: tarea_4/imagenes/variance_x1_v1_20.png Graphic file (type png)
<use tarea_4/imagenes/variance_x1_v1_20.png>
Package pdftex.def Info: tarea_4/imagenes/variance_x1_v1_20.png  used on input line 533.
(pdftex.def)             Requested size: 377.62642pt x 148.76207pt.
[23 <./tarea_4/imagenes/pairplot_x2_v1_20.png>]
File: tarea_4/imagenes/pca_classes_x1_v1_20_2_components.png Graphic file (type png)
<use tarea_4/imagenes/pca_classes_x1_v1_20_2_components.png>
Package pdftex.def Info: tarea_4/imagenes/pca_classes_x1_v1_20_2_components.png  used on input line 542.
(pdftex.def)             Requested size: 283.22162pt x 228.68547pt.
File: tarea_4/imagenes/pca_classes_x1_v1_20_3_components.png Graphic file (type png)
<use tarea_4/imagenes/pca_classes_x1_v1_20_3_components.png>
Package pdftex.def Info: tarea_4/imagenes/pca_classes_x1_v1_20_3_components.png  used on input line 549.
(pdftex.def)             Requested size: 283.22162pt x 291.90993pt.
 [24]
<tarea_4/imagenes/pairplot_cambios_hog_x2_v1_20.png, id=121, 779.7933pt x 711.8595pt>
File: tarea_4/imagenes/pairplot_cambios_hog_x2_v1_20.png Graphic file (type png)
<use tarea_4/imagenes/pairplot_cambios_hog_x2_v1_20.png>
Package pdftex.def Info: tarea_4/imagenes/pairplot_cambios_hog_x2_v1_20.png  used on input line 556.
(pdftex.def)             Requested size: 377.62642pt x 344.73006pt.
 [25]
Underfull \hbox (badness 10000) in paragraph at lines 584--585

 []


Overfull \hbox (18.80347pt too wide) in paragraph at lines 590--601
 [][] 
 []

[26 <./tarea_4/imagenes/pairplot_cambios_hog_x2_v1_20.png>]
Underfull \hbox (badness 10000) in paragraph at lines 605--606

 []


Underfull \hbox (badness 10000) in paragraph at lines 615--616

 []


Underfull \hbox (badness 10000) in paragraph at lines 617--618

 []

[27]
Underfull \hbox (badness 10000) in paragraph at lines 631--632

 []


Underfull \hbox (badness 10000) in paragraph at lines 633--634

 []


Underfull \hbox (badness 10000) in paragraph at lines 635--636

 []


Underfull \hbox (badness 10000) in paragraph at lines 637--638

 []

[28] [29]
Overfull \hbox (12.96297pt too wide) in paragraph at lines 746--771
 [][] 
 []

[30]
Underfull \hbox (badness 10000) in paragraph at lines 775--776

 []


Underfull \hbox (badness 10000) in paragraph at lines 784--785

 []


Underfull \hbox (badness 10000) in paragraph at lines 786--787

 []


Underfull \hbox (badness 10000) in paragraph at lines 788--789

 []


Underfull \hbox (badness 10000) in paragraph at lines 801--802
[]|\T1/lmr/m/n/9 activation=relu,
 []


Underfull \hbox (badness 10000) in paragraph at lines 801--802
\T1/lmr/m/n/9 alpha=0.001, hid-
 []


Underfull \hbox (badness 10000) in paragraph at lines 801--802
\T1/lmr/m/n/9 den_layer_sizes=(100,),
 []


Underfull \hbox (badness 10000) in paragraph at lines 801--802
\T1/lmr/m/n/9 lear-ning_rate_init=0.01,
 []


Underfull \hbox (badness 10000) in paragraph at lines 801--802
\T1/lmr/m/n/9 max_iter=1000, sol-
 []


Underfull \hbox (badness 10000) in paragraph at lines 803--804
[]|\T1/lmr/m/n/9 estimator__max_depth=2,
 []


Underfull \hbox (badness 10000) in paragraph at lines 803--804
\T1/lmr/m/n/9 lear-ning_rate=1.0,
 []


Underfull \hbox (badness 10000) in paragraph at lines 805--806
[]|\T1/lmr/m/n/9 learning_rate=0.2,
 []


Underfull \hbox (badness 10000) in paragraph at lines 805--806
\T1/lmr/m/n/9 max_depth=3,
 []


Underfull \hbox (badness 10000) in paragraph at lines 809--810
[]|\T1/lmr/m/n/9 learning_rate=0.1,
 []


Underfull \hbox (badness 10000) in paragraph at lines 809--810
\T1/lmr/m/n/9 max_depth=5,
 []


Underfull \hbox (badness 10000) in paragraph at lines 811--812
[]|\T1/lmr/m/n/9 max_depth=20,
 []


Underfull \hbox (badness 10000) in paragraph at lines 811--812
\T1/lmr/m/n/9 min_samples_split=2,
 []


Overfull \hbox (14.52074pt too wide) in paragraph at lines 797--816
 [][] 
 []

[31]
Underfull \hbox (badness 10000) in paragraph at lines 828--829
[]|\T1/lmr/m/n/9 activation=relu,
 []


Underfull \hbox (badness 10000) in paragraph at lines 828--829
\T1/lmr/m/n/9 alpha=0.001, hid-
 []


Underfull \hbox (badness 10000) in paragraph at lines 828--829
\T1/lmr/m/n/9 den_layer_sizes=(100,),
 []


Underfull \hbox (badness 10000) in paragraph at lines 828--829
\T1/lmr/m/n/9 lear-ning_rate_init=0.01,
 []


Underfull \hbox (badness 10000) in paragraph at lines 828--829
\T1/lmr/m/n/9 max_iter=1000, sol-
 []


Underfull \hbox (badness 10000) in paragraph at lines 830--831
[]|\T1/lmr/m/n/9 learning_rate=0.2,
 []


Underfull \hbox (badness 10000) in paragraph at lines 830--831
\T1/lmr/m/n/9 max_depth=3,
 []


Underfull \hbox (badness 10000) in paragraph at lines 832--833
[]|\T1/lmr/m/n/9 estimator__max_depth=2,
 []


Underfull \hbox (badness 10000) in paragraph at lines 832--833
\T1/lmr/m/n/9 lear-ning_rate=1.0,
 []


Underfull \hbox (badness 10000) in paragraph at lines 834--835
[]|\T1/lmr/m/n/9 learning_rate=0.1,
 []


Underfull \hbox (badness 10000) in paragraph at lines 834--835
\T1/lmr/m/n/9 max_depth=5,
 []


Underfull \hbox (badness 10000) in paragraph at lines 838--839
[]|\T1/lmr/m/n/9 max_depth=None,
 []


Underfull \hbox (badness 10000) in paragraph at lines 838--839
\T1/lmr/m/n/9 min_samples_split=5,
 []


Overfull \hbox (14.52074pt too wide) in paragraph at lines 824--843
 [][] 
 []


Underfull \hbox (badness 10000) in paragraph at lines 855--856
[]|\T1/lmr/m/n/9 activation=relu,
 []


Underfull \hbox (badness 10000) in paragraph at lines 855--856
\T1/lmr/m/n/9 alpha=0.0001, hid-
 []


Underfull \hbox (badness 10000) in paragraph at lines 855--856
\T1/lmr/m/n/9 den_layer_sizes=(100,),
 []


Underfull \hbox (badness 10000) in paragraph at lines 855--856
\T1/lmr/m/n/9 lear-ning_rate_init=0.01,
 []


Underfull \hbox (badness 10000) in paragraph at lines 855--856
\T1/lmr/m/n/9 max_iter=1000, sol-
 []


Underfull \hbox (badness 10000) in paragraph at lines 857--858
[]|\T1/lmr/m/n/9 estimator__max_depth=2,
 []


Underfull \hbox (badness 10000) in paragraph at lines 857--858
\T1/lmr/m/n/9 lear-ning_rate=1.0,
 []


Underfull \hbox (badness 10000) in paragraph at lines 859--860
[]|\T1/lmr/m/n/9 learning_rate=0.2,
 []


Underfull \hbox (badness 10000) in paragraph at lines 859--860
\T1/lmr/m/n/9 max_depth=3,
 []


Underfull \hbox (badness 10000) in paragraph at lines 863--864
[]|\T1/lmr/m/n/9 learning_rate=0.1,
 []


Underfull \hbox (badness 10000) in paragraph at lines 863--864
\T1/lmr/m/n/9 max_depth=5,
 []


Underfull \hbox (badness 10000) in paragraph at lines 865--866
[]|\T1/lmr/m/n/9 max_depth=None,
 []


Underfull \hbox (badness 10000) in paragraph at lines 865--866
\T1/lmr/m/n/9 min_samples_split=2,
 []


Overfull \hbox (14.52074pt too wide) in paragraph at lines 851--870
 [][] 
 []

[32]
Underfull \hbox (badness 10000) in paragraph at lines 882--883
[]|\T1/lmr/m/n/9 activation=relu,
 []


Underfull \hbox (badness 10000) in paragraph at lines 882--883
\T1/lmr/m/n/9 alpha=0.0001, hid-
 []


Underfull \hbox (badness 10000) in paragraph at lines 882--883
\T1/lmr/m/n/9 den_layer_sizes=(100,),
 []


Underfull \hbox (badness 10000) in paragraph at lines 882--883
\T1/lmr/m/n/9 lear-ning_rate_init=0.01,
 []


Underfull \hbox (badness 10000) in paragraph at lines 882--883
\T1/lmr/m/n/9 max_iter=1000, sol-
 []


Underfull \hbox (badness 10000) in paragraph at lines 884--885
[]|\T1/lmr/m/n/9 learning_rate=0.2,
 []


Underfull \hbox (badness 10000) in paragraph at lines 884--885
\T1/lmr/m/n/9 max_depth=3,
 []


Underfull \hbox (badness 10000) in paragraph at lines 886--887
[]|\T1/lmr/m/n/9 estimator__max_depth=2,
 []


Underfull \hbox (badness 10000) in paragraph at lines 886--887
\T1/lmr/m/n/9 lear-ning_rate=1.0,
 []


Underfull \hbox (badness 10000) in paragraph at lines 890--891
[]|\T1/lmr/m/n/9 learning_rate=0.1,
 []


Underfull \hbox (badness 10000) in paragraph at lines 890--891
\T1/lmr/m/n/9 max_depth=3,
 []


Underfull \hbox (badness 10000) in paragraph at lines 892--893
[]|\T1/lmr/m/n/9 max_depth=None,
 []


Underfull \hbox (badness 10000) in paragraph at lines 892--893
\T1/lmr/m/n/9 min_samples_split=2,
 []


Overfull \hbox (14.52074pt too wide) in paragraph at lines 878--897
 [][] 
 []

[33]
Underfull \hbox (badness 10000) in paragraph at lines 935--936
[]|\T1/lmr/m/n/9 activation=relu,
 []


Underfull \hbox (badness 10000) in paragraph at lines 935--936
\T1/lmr/m/n/9 alpha=0.0001, hid-
 []


Underfull \hbox (badness 10000) in paragraph at lines 935--936
\T1/lmr/m/n/9 den_layer_sizes=(100,),
 []


Underfull \hbox (badness 10000) in paragraph at lines 935--936
\T1/lmr/m/n/9 lear-ning_rate_init=0.01,
 []


Underfull \hbox (badness 10000) in paragraph at lines 935--936
\T1/lmr/m/n/9 max_iter=1000, sol-
 []


Underfull \hbox (badness 10000) in paragraph at lines 937--938
[]|\T1/lmr/m/n/9 learning_rate=0.2,
 []


Underfull \hbox (badness 10000) in paragraph at lines 937--938
\T1/lmr/m/n/9 max_depth=3,
 []


Underfull \hbox (badness 10000) in paragraph at lines 939--940
[]|\T1/lmr/m/n/9 estimator__max_depth=2,
 []


Underfull \hbox (badness 10000) in paragraph at lines 939--940
\T1/lmr/m/n/9 lear-ning_rate=1.0,
 []


Underfull \hbox (badness 10000) in paragraph at lines 943--944
[]|\T1/lmr/m/n/9 learning_rate=0.1,
 []


Underfull \hbox (badness 10000) in paragraph at lines 943--944
\T1/lmr/m/n/9 max_depth=5,
 []


Underfull \hbox (badness 10000) in paragraph at lines 945--946
[]|\T1/lmr/m/n/9 max_depth=None,
 []


Underfull \hbox (badness 10000) in paragraph at lines 945--946
\T1/lmr/m/n/9 min_samples_split=5,
 []


Overfull \hbox (0.76633pt too wide) in paragraph at lines 983--1009
 [][] 
 []


Underfull \hbox (badness 10000) in paragraph at lines 1019--1020
[]|\T1/lmr/m/n/5 activation=relu, alpha=0.0001,
 []


Underfull \hbox (badness 10000) in paragraph at lines 1019--1020
\T1/lmr/m/n/5 hid-den_layer_sizes=(100,),
 []


Underfull \hbox (badness 10000) in paragraph at lines 1019--1020
\T1/lmr/m/n/5 lear-ning_rate_init=0.01,
 []


Underfull \hbox (badness 10000) in paragraph at lines 1021--1022
[]|\T1/lmr/m/n/5 activation=relu, alpha=0.001,
 []


Underfull \hbox (badness 10000) in paragraph at lines 1021--1022
\T1/lmr/m/n/5 hid-den_layer_sizes=(100,),
 []


Underfull \hbox (badness 10000) in paragraph at lines 1021--1022
\T1/lmr/m/n/5 lear-ning_rate_init=0.01,
 []


Underfull \hbox (badness 10000) in paragraph at lines 1023--1024
[]|\T1/lmr/m/n/5 activation=relu, alpha=0.0001,
 []


Underfull \hbox (badness 10000) in paragraph at lines 1023--1024
\T1/lmr/m/n/5 hid-den_layer_sizes=(100,),
 []


Underfull \hbox (badness 10000) in paragraph at lines 1023--1024
\T1/lmr/m/n/5 lear-ning_rate_init=0.01,
 []


Underfull \hbox (badness 10000) in paragraph at lines 1025--1026
[]|\T1/lmr/m/n/5 activation=relu, alpha=0.0001,
 []


Underfull \hbox (badness 10000) in paragraph at lines 1025--1026
\T1/lmr/m/n/5 hid-den_layer_sizes=(100,),
 []


Underfull \hbox (badness 10000) in paragraph at lines 1025--1026
\T1/lmr/m/n/5 lear-ning_rate_init=0.01,
 []


Underfull \hbox (badness 10000) in paragraph at lines 1027--1028
[]|\T1/lmr/m/n/5 activation=relu, alpha=0.001,
 []


Underfull \hbox (badness 10000) in paragraph at lines 1027--1028
\T1/lmr/m/n/5 hid-den_layer_sizes=(100,),
 []


Underfull \hbox (badness 10000) in paragraph at lines 1027--1028
\T1/lmr/m/n/5 lear-ning_rate_init=0.01,
 []


Underfull \hbox (badness 10000) in paragraph at lines 1029--1030
[]|\T1/lmr/m/n/5 activation=relu, alpha=0.001,
 []


Underfull \hbox (badness 10000) in paragraph at lines 1029--1030
\T1/lmr/m/n/5 hid-den_layer_sizes=(100,),
 []


Underfull \hbox (badness 10000) in paragraph at lines 1029--1030
\T1/lmr/m/n/5 lear-ning_rate_init=0.01,
 []


Underfull \hbox (badness 10000) in paragraph at lines 1031--1032
[]|\T1/lmr/m/n/5 n_estimators=300,
 []


Underfull \hbox (badness 10000) in paragraph at lines 1031--1032
\T1/lmr/m/n/5 max_depth=3, lear-
 []


Underfull \hbox (badness 10000) in paragraph at lines 1033--1034
[]|\T1/lmr/m/n/5 activation=relu, alpha=0.0001,
 []


Underfull \hbox (badness 10000) in paragraph at lines 1033--1034
\T1/lmr/m/n/5 hid-den_layer_sizes=(100,),
 []


Underfull \hbox (badness 10000) in paragraph at lines 1033--1034
\T1/lmr/m/n/5 lear-ning_rate_init=0.01,
 []


Underfull \hbox (badness 10000) in paragraph at lines 1035--1036
[]|\T1/lmr/m/n/5 activation=relu, alpha=0.001,
 []


Underfull \hbox (badness 10000) in paragraph at lines 1035--1036
\T1/lmr/m/n/5 hid-den_layer_sizes=(100,),
 []


Underfull \hbox (badness 10000) in paragraph at lines 1035--1036
\T1/lmr/m/n/5 lear-ning_rate_init=0.01,
 []


Underfull \hbox (badness 10000) in paragraph at lines 1037--1038
[]|\T1/lmr/m/n/5 activation=relu, alpha=0.0001,
 []


Underfull \hbox (badness 10000) in paragraph at lines 1037--1038
\T1/lmr/m/n/5 hid-den_layer_sizes=(100,),
 []


Underfull \hbox (badness 10000) in paragraph at lines 1037--1038
\T1/lmr/m/n/5 lear-ning_rate_init=0.01,
 []

[34]
Overfull \hbox (0.76633pt too wide) in paragraph at lines 1048--1074
 [][] 
 []


Underfull \hbox (badness 10000) in paragraph at lines 1084--1085
[]|\T1/lmr/m/n/5 activation=relu, alpha=0.0001,
 []


Underfull \hbox (badness 10000) in paragraph at lines 1084--1085
\T1/lmr/m/n/5 hid-den_layer_sizes=(100,),
 []


Underfull \hbox (badness 10000) in paragraph at lines 1084--1085
\T1/lmr/m/n/5 lear-ning_rate_init=0.01,
 []


Underfull \hbox (badness 10000) in paragraph at lines 1086--1087
[]|\T1/lmr/m/n/5 activation=relu, alpha=0.001,
 []


Underfull \hbox (badness 10000) in paragraph at lines 1086--1087
\T1/lmr/m/n/5 hid-den_layer_sizes=(100,),
 []


Underfull \hbox (badness 10000) in paragraph at lines 1086--1087
\T1/lmr/m/n/5 lear-ning_rate_init=0.01,
 []


Underfull \hbox (badness 10000) in paragraph at lines 1088--1089
[]|\T1/lmr/m/n/5 activation=relu, alpha=0.0001,
 []


Underfull \hbox (badness 10000) in paragraph at lines 1088--1089
\T1/lmr/m/n/5 hid-den_layer_sizes=(100,),
 []


Underfull \hbox (badness 10000) in paragraph at lines 1088--1089
\T1/lmr/m/n/5 lear-ning_rate_init=0.01,
 []


Underfull \hbox (badness 10000) in paragraph at lines 1090--1091
[]|\T1/lmr/m/n/5 activation=relu, alpha=0.001,
 []


Underfull \hbox (badness 10000) in paragraph at lines 1090--1091
\T1/lmr/m/n/5 hid-den_layer_sizes=(100,),
 []


Underfull \hbox (badness 10000) in paragraph at lines 1090--1091
\T1/lmr/m/n/5 lear-ning_rate_init=0.01,
 []


Underfull \hbox (badness 10000) in paragraph at lines 1092--1093
[]|\T1/lmr/m/n/5 activation=relu, alpha=0.001,
 []


Underfull \hbox (badness 10000) in paragraph at lines 1092--1093
\T1/lmr/m/n/5 hid-den_layer_sizes=(100,),
 []


Underfull \hbox (badness 10000) in paragraph at lines 1092--1093
\T1/lmr/m/n/5 lear-ning_rate_init=0.01,
 []


Underfull \hbox (badness 10000) in paragraph at lines 1094--1095
[]|\T1/lmr/m/n/5 activation=relu, alpha=0.0001,
 []


Underfull \hbox (badness 10000) in paragraph at lines 1094--1095
\T1/lmr/m/n/5 hid-den_layer_sizes=(100,),
 []


Underfull \hbox (badness 10000) in paragraph at lines 1094--1095
\T1/lmr/m/n/5 lear-ning_rate_init=0.01,
 []


Underfull \hbox (badness 10000) in paragraph at lines 1096--1097
[]|\T1/lmr/m/n/5 activation=relu, alpha=0.0001,
 []


Underfull \hbox (badness 10000) in paragraph at lines 1096--1097
\T1/lmr/m/n/5 hid-den_layer_sizes=(100,),
 []


Underfull \hbox (badness 10000) in paragraph at lines 1096--1097
\T1/lmr/m/n/5 lear-ning_rate_init=0.01,
 []


Underfull \hbox (badness 10000) in paragraph at lines 1098--1099
[]|\T1/lmr/m/n/5 activation=relu, alpha=0.001,
 []


Underfull \hbox (badness 10000) in paragraph at lines 1098--1099
\T1/lmr/m/n/5 hid-den_layer_sizes=(100,),
 []


Underfull \hbox (badness 10000) in paragraph at lines 1098--1099
\T1/lmr/m/n/5 lear-ning_rate_init=0.01,
 []


Underfull \hbox (badness 10000) in paragraph at lines 1100--1101
[]|\T1/lmr/m/n/5 n_estimators=300,
 []


Underfull \hbox (badness 10000) in paragraph at lines 1100--1101
\T1/lmr/m/n/5 max_depth=3, lear-
 []


Underfull \hbox (badness 10000) in paragraph at lines 1102--1103
[]|\T1/lmr/m/n/5 activation=relu, alpha=0.0001,
 []


Underfull \hbox (badness 10000) in paragraph at lines 1102--1103
\T1/lmr/m/n/5 hid-den_layer_sizes=(100,),
 []


Underfull \hbox (badness 10000) in paragraph at lines 1102--1103
\T1/lmr/m/n/5 lear-ning_rate_init=0.01,
 []

[35]
Underfull \hbox (badness 10000) in paragraph at lines 1117--1117
[]|\T1/lmr/m/n/10 activation=relu, alpha=0.001, hid-
 []


Underfull \hbox (badness 10000) in paragraph at lines 1117--1117
\T1/lmr/m/n/10 den_layer_sizes=(100,), lear-
 []


Underfull \hbox (badness 10000) in paragraph at lines 1117--1117
\T1/lmr/m/n/10 ning_rate_init=0.01, max_iter=1000,
 []


Underfull \hbox (badness 10000) in paragraph at lines 1119--1119
[]|\T1/lmr/m/n/10 n_estimators=300, max_depth=3, lear-
 []


Underfull \hbox (badness 10000) in paragraph at lines 1121--1121
[]|\T1/lmr/m/n/10 activation=relu, alpha=0.0001,
 []


Underfull \hbox (badness 10000) in paragraph at lines 1121--1121
\T1/lmr/m/n/10 hid-den_layer_sizes=(100,), lear-
 []


Underfull \hbox (badness 10000) in paragraph at lines 1121--1121
\T1/lmr/m/n/10 ning_rate_init=0.01, max_iter=1000,
 []


Underfull \hbox (badness 10000) in paragraph at lines 1123--1123
[]|\T1/lmr/m/n/10 activation=relu, alpha=0.0001,
 []


Underfull \hbox (badness 10000) in paragraph at lines 1123--1123
\T1/lmr/m/n/10 hid-den_layer_sizes=(100,), lear-
 []


Underfull \hbox (badness 10000) in paragraph at lines 1123--1123
\T1/lmr/m/n/10 ning_rate_init=0.01, max_iter=1000,
 []


Underfull \hbox (badness 10000) in paragraph at lines 1125--1125
[]|\T1/lmr/m/n/10 activation=relu, alpha=0.001, hid-
 []


Underfull \hbox (badness 10000) in paragraph at lines 1125--1125
\T1/lmr/m/n/10 den_layer_sizes=(100,), lear-
 []


Underfull \hbox (badness 10000) in paragraph at lines 1125--1125
\T1/lmr/m/n/10 ning_rate_init=0.01, max_iter=1000,
 []

[36]
Underfull \hbox (badness 10000) in paragraph at lines 1132--1133

 []


Underfull \hbox (badness 10000) in paragraph at lines 1134--1135

 []


Underfull \hbox (badness 10000) in paragraph at lines 1136--1137

 []

<tarea_5/imagenes/x2_v1_200_MLPClassifier_test_confusion_matrix.png, id=162, 570.933pt x 424.9476pt>
File: tarea_5/imagenes/x2_v1_200_MLPClassifier_test_confusion_matrix.png Graphic file (type png)
<use tarea_5/imagenes/x2_v1_200_MLPClassifier_test_confusion_matrix.png>
Package pdftex.def Info: tarea_5/imagenes/x2_v1_200_MLPClassifier_test_confusion_matrix.png  used on input line 1168.
(pdftex.def)             Requested size: 330.42041pt x 245.93806pt.
[37]
<tarea_5/imagenes/x2_v1_200_MLPClassifier_test_roc_curve.png, id=167, 571.4148pt x 426.8748pt>
File: tarea_5/imagenes/x2_v1_200_MLPClassifier_test_roc_curve.png Graphic file (type png)
<use tarea_5/imagenes/x2_v1_200_MLPClassifier_test_roc_curve.png>
Package pdftex.def Info: tarea_5/imagenes/x2_v1_200_MLPClassifier_test_roc_curve.png  used on input line 1175.
(pdftex.def)             Requested size: 330.42041pt x 246.83849pt.

Underfull \hbox (badness 10000) in paragraph at lines 1180--1181

 []


Underfull \hbox (badness 10000) in paragraph at lines 1182--1183

 []


Underfull \hbox (badness 10000) in paragraph at lines 1184--1185

 []

[38 <./tarea_5/imagenes/x2_v1_200_MLPClassifier_test_confusion_matrix.png> <./tarea_5/imagenes/x2_v1_200_MLPClassifier_test_roc_curve.png>]
Underfull \hbox (badness 10000) in paragraph at lines 1186--1187

 []

<tarea_5/imagenes/x2_v1_200_PCA_variance_plot.png, id=173, 715.7139pt x 286.9119pt>
File: tarea_5/imagenes/x2_v1_200_PCA_variance_plot.png Graphic file (type png)
<use tarea_5/imagenes/x2_v1_200_PCA_variance_plot.png>
Package pdftex.def Info: tarea_5/imagenes/x2_v1_200_PCA_variance_plot.png  used on input line 1190.
(pdftex.def)             Requested size: 377.62642pt x 151.38399pt.

Underfull \hbox (badness 10000) in paragraph at lines 1195--1196

 []


Underfull \hbox (badness 10000) in paragraph at lines 1197--1198

 []

[39 <./tarea_5/imagenes/x2_v1_200_PCA_variance_plot.png>] [40]
Overfull \hbox (22.46866pt too wide) in paragraph at lines 1275--1279
[]\T1/lmr/m/n/10 Cada ar-chi-vo in-clu-ye en su nom-bre el nú-me-ro de ros-tros pre-sen-tes, por ejem-plo [][]\T1/lmtt/m/n/10 3-faces_1.jpg []\T1/lmr/m/n/10 o [][]\T1/lmtt/m/n/10 10-faces.jpg[]\T1/lmr/m/n/10 .
 []

<tarea_6/imagenes/dataset.png, id=181, 859.2903pt x 598.3956pt>
File: tarea_6/imagenes/dataset.png Graphic file (type png)
<use tarea_6/imagenes/dataset.png>
Package pdftex.def Info: tarea_6/imagenes/dataset.png  used on input line 1282.
(pdftex.def)             Requested size: 306.81741pt x 213.66pt.
LaTeX Font Info:    Font shape `T1/lmtt/bx/n' in size <12> not available
(Font)              Font shape `T1/lmtt/b/n' tried instead on input line 1287.
[41 <./tarea_6/imagenes/dataset.png>]
<tarea_6/imagenes/top_combinations_bar.png, id=186, 708.246pt x 426.393pt>
File: tarea_6/imagenes/top_combinations_bar.png Graphic file (type png)
<use tarea_6/imagenes/top_combinations_bar.png>
Package pdftex.def Info: tarea_6/imagenes/top_combinations_bar.png  used on input line 1344.
(pdftex.def)             Requested size: 472.03123pt x 284.1919pt.
 [42{/usr/share/texmf/fonts/enc/dvips/lm/lm-mathit.enc}] [43 <./tarea_6/imagenes/top_combinations_bar.png>]
<tarea_6/imagenes/1-faces_1.png, id=199, 892.33376pt x 230.8625pt>
File: tarea_6/imagenes/1-faces_1.png Graphic file (type png)
<use tarea_6/imagenes/1-faces_1.png>
Package pdftex.def Info: tarea_6/imagenes/1-faces_1.png  used on input line 1402.
(pdftex.def)             Requested size: 472.03123pt x 122.12404pt.
<tarea_6/imagenes/1-faces_2.png, id=200, 892.33376pt x 220.825pt>
File: tarea_6/imagenes/1-faces_2.png Graphic file (type png)
<use tarea_6/imagenes/1-faces_2.png>
Package pdftex.def Info: tarea_6/imagenes/1-faces_2.png  used on input line 1403.
(pdftex.def)             Requested size: 472.03123pt x 116.81429pt.
<tarea_6/imagenes/1-faces_3.png, id=201, 892.33376pt x 245.91875pt>
File: tarea_6/imagenes/1-faces_3.png Graphic file (type png)
<use tarea_6/imagenes/1-faces_3.png>
Package pdftex.def Info: tarea_6/imagenes/1-faces_3.png  used on input line 1404.
(pdftex.def)             Requested size: 472.03123pt x 130.08864pt.
<tarea_6/imagenes/2-faces_2.png, id=202, 892.33376pt x 231.86626pt>
File: tarea_6/imagenes/2-faces_2.png Graphic file (type png)
<use tarea_6/imagenes/2-faces_2.png>
Package pdftex.def Info: tarea_6/imagenes/2-faces_2.png  used on input line 1411.
(pdftex.def)             Requested size: 472.03123pt x 122.65501pt.
 [44 <./tarea_6/imagenes/1-faces_1.png> <./tarea_6/imagenes/1-faces_2.png> <./tarea_6/imagenes/1-faces_3.png>]
<tarea_6/imagenes/6-faces.png, id=209, 892.33376pt x 230.8625pt>
File: tarea_6/imagenes/6-faces.png Graphic file (type png)
<use tarea_6/imagenes/6-faces.png>
Package pdftex.def Info: tarea_6/imagenes/6-faces.png  used on input line 1418.
(pdftex.def)             Requested size: 472.03123pt x 122.12404pt.
<tarea_6/imagenes/10-faces.png, id=210, 892.33376pt x 230.8625pt>
File: tarea_6/imagenes/10-faces.png Graphic file (type png)
<use tarea_6/imagenes/10-faces.png>
Package pdftex.def Info: tarea_6/imagenes/10-faces.png  used on input line 1419.
(pdftex.def)             Requested size: 472.03123pt x 122.12404pt.
 [45 <./tarea_6/imagenes/2-faces_2.png> <./tarea_6/imagenes/6-faces.png> <./tarea_6/imagenes/10-faces.png>] [46] (build/entrega.aux
LaTeX Info: Redefining \. on input line 8.
LaTeX Info: Redefining \% on input line 8.
)
 ***********
LaTeX2e <2023-11-01> patch level 1
L3 programming layer <2024-01-22>
 ***********


LaTeX Warning: There were multiply-defined labels.

 ) 
Here is how much of TeX's memory you used:
 6258 strings out of 476120
 105560 string characters out of 5793657
 1960975 words of memory out of 5000000
 28156 multiletter control sequences out of 15000+600000
 625489 words of font info for 75 fonts, out of 8000000 for 9000
 40 hyphenation exceptions out of 8191
 57i,16n,65p,1023b,375s stack positions out of 10000i,1000n,20000p,200000b,200000s
</usr/share/texmf/fonts/type1/public/lm/lmbx10.pfb></usr/share/texmf/fonts/type1/public/lm/lmbx12.pfb></usr/share/texmf/fonts/type1/public/lm/lmbx9.pfb></usr/share/texmf/fonts/type1/public/lm/lmmi10.pfb></usr/share/texmf/fonts/type1/public/lm/lmr10.pfb></usr/share/texmf/fonts/type1/public/lm/lmr12.pfb></usr/share/texmf/fonts/type1/public/lm/lmr17.pfb></usr/share/texmf/fonts/type1/public/lm/lmr5.pfb></usr/share/texmf/fonts/type1/public/lm/lmr7.pfb></usr/share/texmf/fonts/type1/public/lm/lmr9.pfb></usr/share/texmf/fonts/type1/public/lm/lmri10.pfb></usr/share/texmf/fonts/type1/public/lm/lmsy10.pfb></usr/share/texmf/fonts/type1/public/lm/lmtk10.pfb></usr/share/texmf/fonts/type1/public/lm/lmtt10.pfb>
Output written on build/entrega.pdf (46 pages, 7420530 bytes).
PDF statistics:
 293 PDF objects out of 1000 (max. 8388607)
 158 compressed objects within 2 object streams
 0 named destinations out of 1000 (max. 500000)
 136 words of extra memory for PDF output out of 10000 (max. 10000000)

